/home/jingdan/apps/miniconda3/envs/dig/lib/python3.11/site-packages/torchani/resources/
#Params: 15399229

=====Epoch 1
Learning rate: 0.001

Training...


Evaluating...


Testing...

{'Train': 0.7932931358745585, 'Validation': 0.3212846517562866, 'Test': 0.3215232193470001}
Saving checkpoint...

=====Epoch 2
Learning rate: 0.00095

Training...


Evaluating...


Testing...

{'Train': 0.3039200366878315, 'Validation': 0.2699427306652069, 'Test': 0.26804083585739136}
Saving checkpoint...

=====Epoch 3
Learning rate: 0.0009025

Training...


Evaluating...


Testing...

{'Train': 0.23902920821227605, 'Validation': 0.14549727737903595, 'Test': 0.1472053974866867}
Saving checkpoint...

=====Epoch 4
Learning rate: 0.000857375

Training...


Evaluating...


Testing...

{'Train': 0.20459836321802177, 'Validation': 0.11095979064702988, 'Test': 0.11113955080509186}
Saving checkpoint...

=====Epoch 5
Learning rate: 0.0008145062499999999

Training...


Evaluating...


Testing...

{'Train': 0.16697125857205083, 'Validation': 0.2012953758239746, 'Test': 0.2012152075767517}

=====Epoch 6
Learning rate: 0.0007737809374999998

Training...


Evaluating...


Testing...

{'Train': 0.15437652172391814, 'Validation': 0.19474808871746063, 'Test': 0.19362860918045044}

=====Epoch 7
Learning rate: 0.0007350918906249997

Training...


Evaluating...


Testing...

{'Train': 0.1378563193733294, 'Validation': 0.10303706675767899, 'Test': 0.10380589962005615}
Saving checkpoint...

=====Epoch 8
Learning rate: 0.0006983372960937497

Training...


Evaluating...


Testing...

{'Train': 0.12852154735425936, 'Validation': 0.12108945101499557, 'Test': 0.11924022436141968}

=====Epoch 9
Learning rate: 0.0006634204312890621

Training...


Evaluating...


Testing...

{'Train': 0.11825924624600613, 'Validation': 0.06547622382640839, 'Test': 0.06142636016011238}
Saving checkpoint...

=====Epoch 10
Learning rate: 0.000630249409724609

Training...


Evaluating...


Testing...

{'Train': 0.10784144180330028, 'Validation': 0.05667081102728844, 'Test': 0.056229546666145325}
Saving checkpoint...

=====Epoch 11
Learning rate: 0.0005987369392383785

Training...


Evaluating...


Testing...

{'Train': 0.09921746744778075, 'Validation': 0.06856443732976913, 'Test': 0.06768645346164703}

=====Epoch 12
Learning rate: 0.0005688000922764595

Training...


Evaluating...


Testing...

{'Train': 0.09825563434253536, 'Validation': 0.09434995800256729, 'Test': 0.08962558209896088}

=====Epoch 13
Learning rate: 0.0005403600876626365

Training...


Evaluating...


Testing...

{'Train': 0.08521838721111114, 'Validation': 0.058731406927108765, 'Test': 0.05791585519909859}

=====Epoch 14
Learning rate: 0.0005133420832795047

Training...


Evaluating...


Testing...

{'Train': 0.08239062712974782, 'Validation': 0.10808615386486053, 'Test': 0.1015985906124115}

=====Epoch 15
Learning rate: 0.00048767497911552944

Training...


Evaluating...


Testing...

{'Train': 0.07844308050757857, 'Validation': 0.056218527257442474, 'Test': 0.04566327854990959}
Saving checkpoint...

=====Epoch 16
Learning rate: 0.00046329123015975297

Training...


Evaluating...


Testing...

{'Train': 0.06997595357298504, 'Validation': 0.13474801182746887, 'Test': 0.11998345702886581}

=====Epoch 17
Learning rate: 0.0004401266686517653

Training...


Evaluating...


Testing...

{'Train': 0.07021131566300373, 'Validation': 0.06764522939920425, 'Test': 0.05270824953913689}

=====Epoch 18
Learning rate: 0.00041812033521917703

Training...


Evaluating...


Testing...

{'Train': 0.06683021758690069, 'Validation': 0.05402585491538048, 'Test': 0.04986508563160896}
Saving checkpoint...

=====Epoch 19
Learning rate: 0.00039721431845821814

Training...


Evaluating...


Testing...

{'Train': 0.06295974068928764, 'Validation': 0.0478995181620121, 'Test': 0.0430796854197979}
Saving checkpoint...

=====Epoch 20
Learning rate: 0.0003773536025353072

Training...


Evaluating...


Testing...

{'Train': 0.05972978976349833, 'Validation': 0.05682403966784477, 'Test': 0.04678824543952942}

=====Epoch 21
Learning rate: 0.0003584859224085418

Training...


Evaluating...


Testing...

{'Train': 0.055535212861305756, 'Validation': 0.05221293866634369, 'Test': 0.04016363248229027}

=====Epoch 22
Learning rate: 0.0003405616262881147

Training...


Evaluating...


Testing...

{'Train': 0.056320046168416654, 'Validation': 0.056943707168102264, 'Test': 0.044868748635053635}

=====Epoch 23
Learning rate: 0.00032353354497370894

Training...


Evaluating...


Testing...

{'Train': 0.0523246736322606, 'Validation': 0.06355245411396027, 'Test': 0.04769112169742584}

=====Epoch 24
Learning rate: 0.00030735686772502346

Training...


Evaluating...


Testing...

{'Train': 0.052001545904610584, 'Validation': 0.06312360614538193, 'Test': 0.045244116336107254}

=====Epoch 25
Learning rate: 0.00029198902433877225

Training...


Evaluating...


Testing...

{'Train': 0.0484713555561241, 'Validation': 0.07520447671413422, 'Test': 0.055458247661590576}

=====Epoch 26
Learning rate: 0.00027738957312183364

Training...


Evaluating...


Testing...

{'Train': 0.046037513054062146, 'Validation': 0.0744030624628067, 'Test': 0.05254749953746796}

=====Epoch 27
Learning rate: 0.0002635200944657419

Training...


Evaluating...


Testing...

{'Train': 0.04512669760657993, 'Validation': 0.05406353622674942, 'Test': 0.03499824181199074}

=====Epoch 28
Learning rate: 0.0002503440897424548

Training...


Evaluating...


Testing...

{'Train': 0.044246081499043695, 'Validation': 0.0748051330447197, 'Test': 0.05713656172156334}

=====Epoch 29
Learning rate: 0.00023782688525533205

Training...


Evaluating...


Testing...

{'Train': 0.04345311009481662, 'Validation': 0.06361984461545944, 'Test': 0.044848840683698654}

=====Epoch 30
Learning rate: 0.00022593554099256544

Training...


Evaluating...


Testing...

{'Train': 0.041592727078817275, 'Validation': 0.061261266469955444, 'Test': 0.041553109884262085}

=====Epoch 31
Learning rate: 0.00021463876394293716

Training...


Evaluating...


Testing...

{'Train': 0.03904554965608407, 'Validation': 0.048196129500865936, 'Test': 0.03113383613526821}

=====Epoch 32
Learning rate: 0.0002039068257457903

Training...


Evaluating...


Testing...

{'Train': 0.03816329681332407, 'Validation': 0.060546886175870895, 'Test': 0.041606221348047256}

=====Epoch 33
Learning rate: 0.00019371148445850077

Training...


Evaluating...


Testing...

{'Train': 0.038368826882654736, 'Validation': 0.052311401814222336, 'Test': 0.0337892584502697}

=====Epoch 34
Learning rate: 0.00018402591023557573

Training...


Evaluating...


Testing...

{'Train': 0.036762205102611516, 'Validation': 0.08681635558605194, 'Test': 0.0688810870051384}

=====Epoch 35
Learning rate: 0.00017482461472379692

Training...
